Building DAG of jobs...
Using shell: /bin/bash
Provided cores: 1
Rules claiming more threads will be scaled down.
Job counts:
	count	jobs
	1	user_input
	1

Job 0: --- File input ---

    Error in rule user_input:
        jobid: 0
        output: scripts/data/sequence.fasta

RuleException:
CalledProcessError in line 18 of /vagrant/workflow/rick/Snakefile:
Command ' set -euo pipefail;  /home/vagrant/miniconda3/bin/python /vagrant/workflow/rick/scripts/.snakemake.q3v3wnk9.user_input.py ' returned non-zero exit status 1.
  File "/vagrant/workflow/rick/Snakefile", line 18, in __rule_user_input
  File "/home/vagrant/miniconda3/lib/python3.6/concurrent/futures/thread.py", line 56, in run
Shutting down, this might take some time.
Exiting because a job execution failed. Look above for error message
Complete log: /vagrant/workflow/rick/.snakemake/log/2018-06-01T114015.313347.snakemake.log
